2026-06-07 21:22:16,456 [INFO] (MainThread) Initializing MPK249 Control Center App
2026-06-07 21:22:16,462 [INFO] (MainThread) Loading config from /home/mattysweeps/src/github.com/mattysweeps/frankenstein/config.json
2026-06-07 21:22:16,463 [INFO] (MainThread) Config loaded successfully
2026-06-07 21:22:16,463 [DEBUG] (MainThread) Setting up GUI widgets
2026-06-07 21:22:16,675 [DEBUG] (MainThread) Action type dropdown selection changed to volume_set
2026-06-07 21:22:16,689 [INFO] (MainThread) Starting MidiManager threads
2026-06-07 21:22:16,689 [INFO] (MidiMonitorThread) Entering MidiManager monitor loop
2026-06-07 21:22:16,690 [DEBUG] (MainThread) Redrawing mappings scroll container list
2026-06-07 21:22:16,693 [DEBUG] (MidiMonitorThread) Discovered MIDI inputs on system: ['Midi Through:Midi Through Port-0 14:0']
2026-06-07 21:22:18,696 [DEBUG] (MidiMonitorThread) Discovered MIDI inputs on system: ['Midi Through:Midi Through Port-0 14:0']
2026-06-07 21:22:20,697 [DEBUG] (MidiMonitorThread) Discovered MIDI inputs on system: ['Midi Through:Midi Through Port-0 14:0']
2026-06-07 21:22:22,698 [DEBUG] (MidiMonitorThread) Discovered MIDI inputs on system: ['Midi Through:Midi Through Port-0 14:0']
2026-06-07 21:22:24,699 [DEBUG] (MidiMonitorThread) Discovered MIDI inputs on system: ['Midi Through:Midi Through Port-0 14:0']
2026-06-07 21:22:26,699 [DEBUG] (MidiMonitorThread) Discovered MIDI inputs on system: ['Midi Through:Midi Through Port-0 14:0']
2026-06-07 21:22:28,702 [DEBUG] (MidiMonitorThread) Discovered MIDI inputs on system: ['Midi Through:Midi Through Port-0 14:0']
2026-06-07 21:22:30,703 [DEBUG] (MidiMonitorThread) Discovered MIDI inputs on system: ['Midi Through:Midi Through Port-0 14:0']
2026-06-07 21:22:32,705 [DEBUG] (MidiMonitorThread) Discovered MIDI inputs on system: ['Midi Through:Midi Through Port-0 14:0']
2026-06-07 21:22:34,707 [DEBUG] (MidiMonitorThread) Discovered MIDI inputs on system: ['Midi Through:Midi Through Port-0 14:0']
2026-06-07 21:22:36,709 [DEBUG] (MidiMonitorThread) Discovered MIDI inputs on system: ['Midi Through:Midi Through Port-0 14:0']
2026-06-07 21:22:38,710 [DEBUG] (MidiMonitorThread) Discovered MIDI inputs on system: ['Midi Through:Midi Through Port-0 14:0']
2026-06-07 21:22:40,711 [DEBUG] (MidiMonitorThread) Discovered MIDI inputs on system: ['Midi Through:Midi Through Port-0 14:0']
2026-06-07 21:22:42,714 [DEBUG] (MidiMonitorThread) Discovered MIDI inputs on system: ['Midi Through:Midi Through Port-0 14:0']
2026-06-07 21:22:44,717 [DEBUG] (MidiMonitorThread) Discovered MIDI inputs on system: ['Midi Through:Midi Through Port-0 14:0']
2026-06-07 21:22:46,720 [DEBUG] (MidiMonitorThread) Discovered MIDI inputs on system: ['Midi Through:Midi Through Port-0 14:0']
2026-06-07 21:22:48,722 [DEBUG] (MidiMonitorThread) Discovered MIDI inputs on system: ['Midi Through:Midi Through Port-0 14:0']
2026-06-07 21:22:50,725 [DEBUG] (MidiMonitorThread) Discovered MIDI inputs on system: ['Midi Through:Midi Through Port-0 14:0']
2026-06-07 21:22:52,726 [DEBUG] (MidiMonitorThread) Discovered MIDI inputs on system: ['Midi Through:Midi Through Port-0 14:0']
2026-06-07 21:22:54,728 [DEBUG] (MidiMonitorThread) Discovered MIDI inputs on system: ['Midi Through:Midi Through Port-0 14:0']
2026-06-07 21:22:56,730 [DEBUG] (MidiMonitorThread) Discovered MIDI inputs on system: ['Midi Through:Midi Through Port-0 14:0']
2026-06-07 21:22:58,305 [INFO] (MainThread) Enabling MIDI learn mode
2026-06-07 21:22:58,306 [INFO] (MainThread) MIDI Learn enabled
2026-06-07 21:22:58,733 [DEBUG] (MidiMonitorThread) Discovered MIDI inputs on system: ['Midi Through:Midi Through Port-0 14:0']
2026-06-07 21:22:59,947 [INFO] (MainThread) Enabling MIDI learn mode
2026-06-07 21:22:59,949 [INFO] (MainThread) MIDI Learn enabled
2026-06-07 21:23:00,735 [DEBUG] (MidiMonitorThread) Discovered MIDI inputs on system: ['Midi Through:Midi Through Port-0 14:0']
2026-06-07 21:23:01,523 [DEBUG] (MainThread) Action type dropdown selection changed to volume_set
2026-06-07 21:23:01,525 [INFO] (MainThread) MIDI Learn disabled
2026-06-07 21:23:02,737 [DEBUG] (MidiMonitorThread) Discovered MIDI inputs on system: ['Midi Through:Midi Through Port-0 14:0']
2026-06-07 21:23:04,657 [INFO] (MainThread) Application shutting down
2026-06-07 21:23:04,657 [INFO] (MainThread) Stopping MidiManager threads
